<?xml version="1.0" encoding="UTF-8"?>
<testng-results ignored="0" total="2" passed="1" failed="1" skipped="0">
  <reporter-output>
  </reporter-output>
  <suite started-at="2021-04-25T18:05:33 IST" name="Default suite" finished-at="2021-04-25T18:06:20 IST" duration-ms="47050">
    <groups>
      <group name="cucumber">
        <method signature="AbstractTestNGCucumberTests.runScenario(io.cucumber.testng.PickleWrapper, io.cucumber.testng.FeatureWrapper)[pri:0, instance:runner.RunTest@4bb33f74]" name="runScenario" class="io.cucumber.testng.AbstractTestNGCucumberTests"/>
      </group> <!-- cucumber -->
    </groups>
    <test started-at="2021-04-25T18:05:33 IST" name="Default test" finished-at="2021-04-25T18:06:20 IST" duration-ms="47050">
      <class name="runner.RunTest">
        <test-method is-config="true" signature="setUpClass()[pri:0, instance:runner.RunTest@4bb33f74]" started-at="2021-04-25T18:05:33 IST" name="setUpClass" finished-at="2021-04-25T18:05:33 IST" duration-ms="346" status="PASS">
          <reporter-output>
          </reporter-output>
        </test-method> <!-- setUpClass -->
        <test-method signature="runScenario(io.cucumber.testng.PickleWrapper, io.cucumber.testng.FeatureWrapper)[pri:0, instance:runner.RunTest@4bb33f74]" started-at="2021-04-25T18:05:33 IST" name="runScenario" description="Runs Cucumber Scenarios" data-provider="scenarios" finished-at="2021-04-25T18:05:59 IST" duration-ms="25862" status="PASS">
          <params>
            <param index="0">
              <value>
                <![CDATA["Createopp"]]>
              </value>
            </param>
            <param index="1">
              <value>
                <![CDATA["Optional[Create oppurtunity Functionality]"]]>
              </value>
            </param>
          </params>
          <reporter-output>
          </reporter-output>
        </test-method> <!-- runScenario -->
        <test-method signature="runScenario(io.cucumber.testng.PickleWrapper, io.cucumber.testng.FeatureWrapper)[pri:0, instance:runner.RunTest@4bb33f74]" started-at="2021-04-25T18:05:59 IST" name="runScenario" description="Runs Cucumber Scenarios" data-provider="scenarios" finished-at="2021-04-25T18:06:20 IST" duration-ms="20686" status="FAIL">
          <params>
            <param index="0">
              <value>
                <![CDATA["Createopp"]]>
              </value>
            </param>
            <param index="1">
              <value>
                <![CDATA["Optional[Create oppurtunity Functionality]"]]>
              </value>
            </param>
          </params>
          <exception class="org.openqa.selenium.NoSuchElementException">
            <message>
              <![CDATA[Cannot locate an element using xpath=//input[@name='Name']
For documentation on this error, please visit: https://www.seleniumhq.org/exceptions/no_such_element.html
Build info: version: '3.141.59', revision: 'e82be7d358', time: '2018-11-14T08:17:03'
System info: host: 'MAA-5CG026283S', ip: '11.144.54.37', os.name: 'Windows 10', os.arch: 'amd64', os.version: '10.0', java.version: '15.0.2'
Driver info: driver.version: RemoteWebDriver]]>
            </message>
            <full-stacktrace>
              <![CDATA[org.openqa.selenium.NoSuchElementException: Cannot locate an element using xpath=//input[@name='Name']
For documentation on this error, please visit: https://www.seleniumhq.org/exceptions/no_such_element.html
Build info: version: '3.141.59', revision: 'e82be7d358', time: '2018-11-14T08:17:03'
System info: host: 'MAA-5CG026283S', ip: '11.144.54.37', os.name: 'Windows 10', os.arch: 'amd64', os.version: '10.0', java.version: '15.0.2'
Driver info: driver.version: RemoteWebDriver
at org.openqa.selenium.remote.RemoteWebDriver.findElement(RemoteWebDriver.java:327)
at org.openqa.selenium.remote.RemoteWebDriver.findElementByXPath(RemoteWebDriver.java:428)
at org.openqa.selenium.By$ByXPath.findElement(By.java:353)
at org.openqa.selenium.remote.RemoteWebDriver.findElement(RemoteWebDriver.java:315)
at steps.Createopp.opputunity(Createopp.java:62)
at ✽.Create new oppurtunity with title as 'SalesForce Automation By Priya'(file:///C:/Users/bhrts/Desktop/SalesForce/SalesForceCucu/./src/test/java/feature/CreateOpp.feature:6)
]]>
            </full-stacktrace>
          </exception> <!-- org.openqa.selenium.NoSuchElementException -->
          <reporter-output>
          </reporter-output>
        </test-method> <!-- runScenario -->
        <test-method is-config="true" signature="tearDownClass()[pri:0, instance:runner.RunTest@4bb33f74]" started-at="2021-04-25T18:06:20 IST" name="tearDownClass" finished-at="2021-04-25T18:06:20 IST" duration-ms="64" status="PASS">
          <reporter-output>
          </reporter-output>
        </test-method> <!-- tearDownClass -->
      </class> <!-- runner.RunTest -->
    </test> <!-- Default test -->
  </suite> <!-- Default suite -->
</testng-results>
